<?xml version="1.0" encoding="UTF-8"?>
<testsuite xmlns:xsi="http://www.w3.org/2001/XMLSchema-instance" xsi:noNamespaceSchemaLocation="https://maven.apache.org/surefire/maven-surefire-plugin/xsd/surefire-test-report.xsd" name="edu.pitt.cs.BeanCounterLogicTest" time="2.259" tests="14" errors="0" skipped="0" failures="2">
  <properties>
[...]
</properties>
  <testcase name="testAdvanceStep4TimesLuckMode" classname="edu.pitt.cs.BeanCounterLogicTest" time="2.07"/>
  <testcase name="testAdvanceStep5TimesLuckMode" classname="edu.pitt.cs.BeanCounterLogicTest" time="0.003"/>
  <testcase name="testAdvanceStep6TimesLuckMode" classname="edu.pitt.cs.BeanCounterLogicTest" time="0.012">
    <failure message="expected:&lt;0&gt; but was:&lt;1&gt;" type="java.lang.AssertionError"><![CDATA[java.lang.AssertionError: expected:<0> but was:<1>
	at edu.pitt.cs.BeanCounterLogicTest.testAdvanceStep6TimesLuckMode(BeanCounterLogicTest.java:344)
]]></failure>
  </testcase>
  <testcase name="testAdvanceStep7TimesLuckMode" classname="edu.pitt.cs.BeanCounterLogicTest" time="0.005"/>
  <testcase name="testAdvanceStepOnceLuckMode" classname="edu.pitt.cs.BeanCounterLogicTest" time="0.003"/>
  <testcase name="testAdvanceStepSkillMode" classname="edu.pitt.cs.BeanCounterLogicTest" time="0.004"/>
  <testcase name="testAdvanceStepThriceLuckMode" classname="edu.pitt.cs.BeanCounterLogicTest" time="0.003"/>
  <testcase name="testAdvanceStepTwiceLuckMode" classname="edu.pitt.cs.BeanCounterLogicTest" time="0.005"/>
  <testcase name="testGetAverageSlotBeanCount" classname="edu.pitt.cs.BeanCounterLogicTest" time="0.003"/>
  <testcase name="testLowerHalf" classname="edu.pitt.cs.BeanCounterLogicTest" time="0.009"/>
  <testcase name="testMain" classname="edu.pitt.cs.BeanCounterLogicTest" time="0.01">
    <failure message="expected:&lt;10&gt; but was:&lt;1&gt;" type="java.lang.AssertionError"><![CDATA[java.lang.AssertionError: expected:<10> but was:<1>
	at edu.pitt.cs.BeanCounterLogicTest.testMain(BeanCounterLogicTest.java:581)
]]></failure>
  </testcase>
  <testcase name="testRepeat" classname="edu.pitt.cs.BeanCounterLogicTest" time="0.005"/>
  <testcase name="testReset" classname="edu.pitt.cs.BeanCounterLogicTest" time="0.003"/>
  <testcase name="testUpperHalf" classname="edu.pitt.cs.BeanCounterLogicTest" time="0.003"/>
</testsuite>