<?xml version="1.0" encoding="UTF-8"?>
<testsuite xmlns:xsi="http://www.w3.org/2001/XMLSchema-instance" xsi:noNamespaceSchemaLocation="https://maven.apache.org/surefire/maven-surefire-plugin/xsd/surefire-test-report.xsd" name="edu.pitt.cs.BeanTest" time="0.033" tests="13" errors="0" skipped="0" failures="11">
  <properties>
[...]
</properties>
  <testcase name="testAdvanceStepLuckyBean10TimesLeft" classname="edu.pitt.cs.BeanTest" time="0">
    <failure message="Expected BeanOutOfBoundsException" type="java.lang.AssertionError">java.lang.AssertionError: Expected BeanOutOfBoundsException
	at edu.pitt.cs.BeanTest.testAdvanceStepLuckyBean10TimesLeft(BeanTest.java:199)
</failure>
  </testcase>
  <testcase name="testAdvanceStepLuckyBeanOnceLeft" classname="edu.pitt.cs.BeanTest" time="0.001">
    <failure message="expected:&lt;0&gt; but was:&lt;1&gt;" type="java.lang.AssertionError"><![CDATA[java.lang.AssertionError: expected:<0> but was:<1>
	at edu.pitt.cs.BeanTest.testAdvanceStepLuckyBeanOnceLeft(BeanTest.java:116)
]]></failure>
  </testcase>
  <testcase name="testAdvanceStepLuckyBeanOnceRight" classname="edu.pitt.cs.BeanTest" time="0">
    <failure message="expected:&lt;1&gt; but was:&lt;0&gt;" type="java.lang.AssertionError"><![CDATA[java.lang.AssertionError: expected:<1> but was:<0>
	at edu.pitt.cs.BeanTest.testAdvanceStepLuckyBeanOnceRight(BeanTest.java:156)
]]></failure>
  </testcase>
  <testcase name="testAdvanceStepLuckyBeanTwiceLeft" classname="edu.pitt.cs.BeanTest" time="0.002">
    <failure message="expected:&lt;0&gt; but was:&lt;2&gt;" type="java.lang.AssertionError"><![CDATA[java.lang.AssertionError: expected:<0> but was:<2>
	at edu.pitt.cs.BeanTest.testAdvanceStepLuckyBeanTwiceLeft(BeanTest.java:135)
]]></failure>
  </testcase>
  <testcase name="testAdvanceStepLuckyBeanTwiceRight" classname="edu.pitt.cs.BeanTest" time="0.003">
    <failure message="expected:&lt;2&gt; but was:&lt;0&gt;" type="java.lang.AssertionError"><![CDATA[java.lang.AssertionError: expected:<2> but was:<0>
	at edu.pitt.cs.BeanTest.testAdvanceStepLuckyBeanTwiceRight(BeanTest.java:177)
]]></failure>
  </testcase>
  <testcase name="testAdvanceStepSkill0Bean9Times" classname="edu.pitt.cs.BeanTest" time="0.003">
    <failure message="expected:&lt;0&gt; but was:&lt;9&gt;" type="java.lang.AssertionError"><![CDATA[java.lang.AssertionError: expected:<0> but was:<9>
	at edu.pitt.cs.BeanTest.testAdvanceStepSkill0Bean9Times(BeanTest.java:220)
]]></failure>
  </testcase>
  <testcase name="testAdvanceStepSkill2Bean9Times" classname="edu.pitt.cs.BeanTest" time="0.003">
    <failure message="expected:&lt;2&gt; but was:&lt;7&gt;" type="java.lang.AssertionError"><![CDATA[java.lang.AssertionError: expected:<2> but was:<7>
	at edu.pitt.cs.BeanTest.testAdvanceStepSkill2Bean9Times(BeanTest.java:240)
]]></failure>
  </testcase>
  <testcase name="testAdvanceStepSkill2BeanOnce" classname="edu.pitt.cs.BeanTest" time="0.004">
    <failure message="expected:&lt;1&gt; but was:&lt;0&gt;" type="java.lang.AssertionError"><![CDATA[java.lang.AssertionError: expected:<1> but was:<0>
	at edu.pitt.cs.BeanTest.testAdvanceStepSkill2BeanOnce(BeanTest.java:278)
]]></failure>
  </testcase>
  <testcase name="testAdvanceStepSkill2BeanThrice" classname="edu.pitt.cs.BeanTest" time="0.003">
    <failure message="expected:&lt;2&gt; but was:&lt;1&gt;" type="java.lang.AssertionError"><![CDATA[java.lang.AssertionError: expected:<2> but was:<1>
	at edu.pitt.cs.BeanTest.testAdvanceStepSkill2BeanThrice(BeanTest.java:317)
]]></failure>
  </testcase>
  <testcase name="testAdvanceStepSkill2BeanTwice" classname="edu.pitt.cs.BeanTest" time="0.003">
    <failure message="expected:&lt;2&gt; but was:&lt;0&gt;" type="java.lang.AssertionError"><![CDATA[java.lang.AssertionError: expected:<2> but was:<0>
	at edu.pitt.cs.BeanTest.testAdvanceStepSkill2BeanTwice(BeanTest.java:297)
]]></failure>
  </testcase>
  <testcase name="testAdvanceStepSkill9Bean9Times" classname="edu.pitt.cs.BeanTest" time="0.002">
    <failure message="expected:&lt;9&gt; but was:&lt;0&gt;" type="java.lang.AssertionError"><![CDATA[java.lang.AssertionError: expected:<9> but was:<0>
	at edu.pitt.cs.BeanTest.testAdvanceStepSkill9Bean9Times(BeanTest.java:260)
]]></failure>
  </testcase>
  <testcase name="testConstructor" classname="edu.pitt.cs.BeanTest" time="0.002"/>
  <testcase name="testReset" classname="edu.pitt.cs.BeanTest" time="0.002"/>
</testsuite>